<?xml version="1.0" encoding="UTF-8"?>
<!-- Generated by org.testng.reporters.JUnitReportReporter -->
<testsuite hostname="DESKTOP-70N070O" failures="0" tests="2" name="com.OrangeCRM.QA.TestCases.Logintestcases" time="22.715" errors="0" timestamp="2025-06-12T12:12:25 IST" skipped="0">
  <testcase classname="com.OrangeCRM.QA.TestCases.Logintestcases" name="test1" time="5.974"/>
  <testcase classname="com.OrangeCRM.QA.TestCases.Logintestcases" name="test2" time="16.741"/>
</testsuite> <!-- com.OrangeCRM.QA.TestCases.Logintestcases -->
