<?xml version="1.0" encoding="UTF-8"?>
<!-- Generated by org.testng.reporters.JUnitReportReporter -->
<testsuite hostname="DESKTOP-70N070O" failures="0" tests="4" name="com.OrangeCRM.QA.TestCases.Hometestcases" time="40.196" errors="0" timestamp="2025-06-10T23:51:41 IST" skipped="0">
  <testcase classname="com.OrangeCRM.QA.TestCases.Hometestcases" name="getallfunction" time="11.068"/>
  <testcase classname="com.OrangeCRM.QA.TestCases.Hometestcases" name="title" time="8.991"/>
  <testcase classname="com.OrangeCRM.QA.TestCases.Hometestcases" name="username" time="9.512"/>
  <testcase classname="com.OrangeCRM.QA.TestCases.Hometestcases" name="getalldashfunctiong" time="10.625"/>
</testsuite> <!-- com.OrangeCRM.QA.TestCases.Hometestcases -->
