<?xml version="1.0" encoding="UTF-8"?>
<!-- Generated by org.testng.reporters.JUnitReportReporter -->
<testsuite hostname="DESKTOP-70N070O" failures="0" tests="2" name="com.OrangeCRM.QA.TestCases.Logintestcases" time="15.306" errors="0" timestamp="2025-06-10T23:51:41 IST" skipped="0">
  <testcase classname="com.OrangeCRM.QA.TestCases.Logintestcases" name="test1" time="6.281"/>
  <testcase classname="com.OrangeCRM.QA.TestCases.Logintestcases" name="test2" time="9.025"/>
</testsuite> <!-- com.OrangeCRM.QA.TestCases.Logintestcases -->
