<?xml version="1.0" encoding="UTF-8"?>
<!-- Generated by org.testng.reporters.JUnitReportReporter -->
<testsuite hostname="DESKTOP-70N070O" failures="0" tests="1" name="com.OrangeCRM.QA.TestCases.Addusertestcase" time="25.622" errors="0" timestamp="2025-06-10T23:42:33 IST" skipped="0">
  <testcase classname="com.OrangeCRM.QA.TestCases.Addusertestcase" name="addusers" time="25.622"/>
</testsuite> <!-- com.OrangeCRM.QA.TestCases.Addusertestcase -->
