<?xml version="1.0" encoding="UTF-8"?>
<!-- Generated by org.testng.reporters.JUnitReportReporter -->
<testsuite hostname="DESKTOP-70N070O" failures="0" tests="2" name="com.OrangeCRM.QA.TestCases.Logintestcases" time="30.970" errors="0" timestamp="2025-06-11T15:19:53 IST" skipped="0">
  <testcase classname="com.OrangeCRM.QA.TestCases.Logintestcases" name="test1" time="19.281"/>
  <testcase classname="com.OrangeCRM.QA.TestCases.Logintestcases" name="test2" time="11.689"/>
</testsuite> <!-- com.OrangeCRM.QA.TestCases.Logintestcases -->
